
> node-stripe-checkout-final@1.0.0 start /Users/bhpatel/Desktop/ReactProject/myExpressApp
> nodemon app.js localhost 8080

[33m[nodemon] 1.18.4[39m
[33m[nodemon] to restart at any time, enter `rs`[39m
[33m[nodemon] watching: *.*[39m
[32m[nodemon] starting `node app.js localhost 8080`[39m

> node-stripe-checkout-final@1.0.0 start /Users/bhpatel/Desktop/ReactProject/myExpressApp
> nodemon app.js localhost 8080

[33m[nodemon] 1.18.4[39m
[33m[nodemon] to restart at any time, enter `rs`[39m
[33m[nodemon] watching: *.*[39m
[32m[nodemon] starting `node app.js localhost 8080`[39m

> node-stripe-checkout-final@1.0.0 start /Users/bhpatel/Desktop/ReactProject/myExpressApp
> nodemon app.js localhost 8080

[33m[nodemon] 1.18.4[39m
[33m[nodemon] to restart at any time, enter `rs`[39m
[33m[nodemon] watching: *.*[39m
[32m[nodemon] starting `node app.js localhost 8080`[39m

> node-stripe-checkout-final@1.0.0 start /Users/bhpatel/Desktop/ReactProject/myExpressApp
> nodemon app.js localhost 8080

[33m[nodemon] 1.18.4[39m
[33m[nodemon] to restart at any time, enter `rs`[39m
[33m[nodemon] watching: *.*[39m
[32m[nodemon] starting `node app.js localhost 8080`[39m
events.js:173
      throw er; // Unhandled 'error' event
      ^

Error: listen EADDRINUSE: address already in use :::8080
    at Server.setupListenHandle [as _listen2] (net.js:1255:14)
    at listenInCluster (net.js:1303:12)
    at Server.listen (net.js:1391:7)
    at Object.<anonymous> (/Users/bhpatel/Desktop/ReactProject/myExpressApp/app.js:71:12)
    at Module._compile (internal/modules/cjs/loader.js:721:30)
    at Object.Module._extensions..js (internal/modules/cjs/loader.js:732:10)
    at Module.load (internal/modules/cjs/loader.js:620:32)
    at tryModuleLoad (internal/modules/cjs/loader.js:560:12)
    at Function.Module._load (internal/modules/cjs/loader.js:552:3)
    at Function.Module.runMain (internal/modules/cjs/loader.js:774:12)
Emitted 'error' event at:
    at emitErrorNT (net.js:1282:8)
    at internalTickCallback (internal/process/next_tick.js:72:19)
    at process._tickCallback (internal/process/next_tick.js:47:5)
    at Function.Module.runMain (internal/modules/cjs/loader.js:777:11)
    at executeUserCode (internal/bootstrap/node.js:342:17)
    at startExecution (internal/bootstrap/node.js:276:5)
    at startup (internal/bootstrap/node.js:227:5)
    at bootstrapNodeJSCore (internal/bootstrap/node.js:743:3)
[31m[nodemon] app crashed - waiting for file changes before starting...[39m
